[2018-11-18 15:52:59.211] [exthost] [info] extension host started
[2018-11-18 15:52:59.258] [exthost] [info] ExtensionService#_doActivateExtension vscode.debug-auto-launch {"startup":true,"activationEvent":"*"}
[2018-11-18 15:52:59.258] [exthost] [info] ExtensionService#loadCommonJSModule /usr/share/code/resources/app/extensions/debug-auto-launch/dist/extension
[2018-11-18 15:52:59.272] [exthost] [info] ExtensionService#_doActivateExtension vscode.emmet {"startup":true,"activationEvent":"*"}
[2018-11-18 15:52:59.272] [exthost] [info] ExtensionService#loadCommonJSModule /usr/share/code/resources/app/extensions/emmet/dist/extension
[2018-11-18 15:52:59.330] [exthost] [info] ExtensionService#_doActivateExtension vscode.git {"startup":true,"activationEvent":"*"}
[2018-11-18 15:52:59.330] [exthost] [info] ExtensionService#loadCommonJSModule /usr/share/code/resources/app/extensions/git/dist/main
[2018-11-18 15:52:59.546] [exthost] [info] ExtensionService#_doActivateExtension vscode.merge-conflict {"startup":true,"activationEvent":"*"}
[2018-11-18 15:52:59.546] [exthost] [info] ExtensionService#loadCommonJSModule /usr/share/code/resources/app/extensions/merge-conflict/dist/extension
[2018-11-18 15:52:59.557] [exthost] [info] ExtensionService#_doActivateExtension vscode.search-rg {"startup":true,"activationEvent":"*"}
[2018-11-18 15:52:59.557] [exthost] [info] ExtensionService#loadCommonJSModule /usr/share/code/resources/app/extensions/search-rg/dist/extension
[2018-11-18 15:52:59.567] [exthost] [info] ExtensionService#_doActivateExtension Zignd.html-css-class-completion {"startup":true,"activationEvent":"*"}
[2018-11-18 15:52:59.567] [exthost] [info] ExtensionService#loadCommonJSModule /home/giovanny/.vscode/extensions/Zignd.html-css-class-completion-1.17.1/out/src/extension
[2018-11-18 15:53:00.076] [exthost] [info] eager extensions activated
[2018-11-18 15:53:08.949] [exthost] [info] extension host started
[2018-11-18 15:53:09.007] [exthost] [info] ExtensionService#_doActivateExtension vscode.debug-auto-launch {"startup":true,"activationEvent":"*"}
[2018-11-18 15:53:09.007] [exthost] [info] ExtensionService#loadCommonJSModule /usr/share/code/resources/app/extensions/debug-auto-launch/dist/extension
[2018-11-18 15:53:09.015] [exthost] [info] ExtensionService#_doActivateExtension vscode.emmet {"startup":true,"activationEvent":"*"}
[2018-11-18 15:53:09.015] [exthost] [info] ExtensionService#loadCommonJSModule /usr/share/code/resources/app/extensions/emmet/dist/extension
[2018-11-18 15:53:09.090] [exthost] [info] ExtensionService#_doActivateExtension vscode.git {"startup":true,"activationEvent":"*"}
[2018-11-18 15:53:09.090] [exthost] [info] ExtensionService#loadCommonJSModule /usr/share/code/resources/app/extensions/git/dist/main
[2018-11-18 15:53:09.278] [exthost] [info] ExtensionService#_doActivateExtension vscode.merge-conflict {"startup":true,"activationEvent":"*"}
[2018-11-18 15:53:09.278] [exthost] [info] ExtensionService#loadCommonJSModule /usr/share/code/resources/app/extensions/merge-conflict/dist/extension
[2018-11-18 15:53:09.288] [exthost] [info] ExtensionService#_doActivateExtension vscode.search-rg {"startup":true,"activationEvent":"*"}
[2018-11-18 15:53:09.288] [exthost] [info] ExtensionService#loadCommonJSModule /usr/share/code/resources/app/extensions/search-rg/dist/extension
[2018-11-18 15:53:09.295] [exthost] [info] ExtensionService#_doActivateExtension Zignd.html-css-class-completion {"startup":true,"activationEvent":"*"}
[2018-11-18 15:53:09.295] [exthost] [info] ExtensionService#loadCommonJSModule /home/giovanny/.vscode/extensions/Zignd.html-css-class-completion-1.17.1/out/src/extension
[2018-11-18 15:53:10.256] [exthost] [info] eager extensions activated
[2018-11-18 15:53:38.749] [exthost] [info] ExtensionService#_doActivateExtension vscode.php-language-features {"startup":false,"activationEvent":"onLanguage:php"}
[2018-11-18 15:53:38.749] [exthost] [info] ExtensionService#loadCommonJSModule /usr/share/code/resources/app/extensions/php-language-features/dist/phpMain
[2018-11-18 15:53:38.787] [exthost] [info] ExtensionService#_doActivateExtension ecmel.vscode-html-css {"startup":false,"activationEvent":"onLanguage:php"}
[2018-11-18 15:53:38.787] [exthost] [info] ExtensionService#loadCommonJSModule /home/giovanny/.vscode/extensions/ecmel.vscode-html-css-0.2.0/out/src/extension
[2018-11-18 15:54:17.722] [exthost] [info] ExtensionService#_doActivateExtension vscode.css-language-features {"startup":false,"activationEvent":"onLanguage:css"}
[2018-11-18 15:54:17.722] [exthost] [info] ExtensionService#loadCommonJSModule /usr/share/code/resources/app/extensions/css-language-features/client/dist/cssMain
[2018-11-18 16:05:42.648] [exthost] [info] extension host started
[2018-11-18 16:05:42.700] [exthost] [info] ExtensionService#_doActivateExtension vscode.debug-auto-launch {"startup":true,"activationEvent":"*"}
[2018-11-18 16:05:42.700] [exthost] [info] ExtensionService#loadCommonJSModule /usr/share/code/resources/app/extensions/debug-auto-launch/dist/extension
[2018-11-18 16:05:42.717] [exthost] [info] ExtensionService#_doActivateExtension vscode.emmet {"startup":true,"activationEvent":"*"}
[2018-11-18 16:05:42.717] [exthost] [info] ExtensionService#loadCommonJSModule /usr/share/code/resources/app/extensions/emmet/dist/extension
[2018-11-18 16:05:42.794] [exthost] [info] ExtensionService#_doActivateExtension vscode.git {"startup":true,"activationEvent":"*"}
[2018-11-18 16:05:42.794] [exthost] [info] ExtensionService#loadCommonJSModule /usr/share/code/resources/app/extensions/git/dist/main
[2018-11-18 16:05:43.083] [exthost] [info] ExtensionService#_doActivateExtension vscode.merge-conflict {"startup":true,"activationEvent":"*"}
[2018-11-18 16:05:43.083] [exthost] [info] ExtensionService#loadCommonJSModule /usr/share/code/resources/app/extensions/merge-conflict/dist/extension
[2018-11-18 16:05:43.101] [exthost] [info] ExtensionService#_doActivateExtension vscode.search-rg {"startup":true,"activationEvent":"*"}
[2018-11-18 16:05:43.101] [exthost] [info] ExtensionService#loadCommonJSModule /usr/share/code/resources/app/extensions/search-rg/dist/extension
[2018-11-18 16:05:43.125] [exthost] [info] ExtensionService#_doActivateExtension Zignd.html-css-class-completion {"startup":true,"activationEvent":"*"}
[2018-11-18 16:05:43.125] [exthost] [info] ExtensionService#loadCommonJSModule /home/giovanny/.vscode/extensions/Zignd.html-css-class-completion-1.17.1/out/src/extension
[2018-11-18 16:05:43.743] [exthost] [info] ExtensionService#_doActivateExtension esbenp.prettier-vscode {"startup":true,"activationEvent":"*"}
[2018-11-18 16:05:43.743] [exthost] [info] ExtensionService#loadCommonJSModule /home/giovanny/.vscode/extensions/esbenp.prettier-vscode-1.7.2/out/src/extension
[2018-11-18 16:05:44.017] [exthost] [info] ExtensionService#_doActivateExtension vscode.php-language-features {"startup":false,"activationEvent":"onLanguage:php"}
[2018-11-18 16:05:44.017] [exthost] [info] ExtensionService#loadCommonJSModule /usr/share/code/resources/app/extensions/php-language-features/dist/phpMain
[2018-11-18 16:05:44.046] [exthost] [info] ExtensionService#_doActivateExtension ecmel.vscode-html-css {"startup":false,"activationEvent":"onLanguage:php"}
[2018-11-18 16:05:44.046] [exthost] [info] ExtensionService#loadCommonJSModule /home/giovanny/.vscode/extensions/ecmel.vscode-html-css-0.2.0/out/src/extension
[2018-11-18 16:05:44.971] [exthost] [info] eager extensions activated
[2018-11-18 16:08:22.963] [exthost] [info] extension host started
[2018-11-18 16:08:22.998] [exthost] [info] ExtensionService#_doActivateExtension vscode.debug-auto-launch {"startup":true,"activationEvent":"*"}
[2018-11-18 16:08:22.998] [exthost] [info] ExtensionService#loadCommonJSModule /usr/share/code/resources/app/extensions/debug-auto-launch/dist/extension
[2018-11-18 16:08:23.007] [exthost] [info] ExtensionService#_doActivateExtension vscode.emmet {"startup":true,"activationEvent":"*"}
[2018-11-18 16:08:23.007] [exthost] [info] ExtensionService#loadCommonJSModule /usr/share/code/resources/app/extensions/emmet/dist/extension
[2018-11-18 16:08:23.089] [exthost] [info] ExtensionService#_doActivateExtension vscode.git {"startup":true,"activationEvent":"*"}
[2018-11-18 16:08:23.089] [exthost] [info] ExtensionService#loadCommonJSModule /usr/share/code/resources/app/extensions/git/dist/main
[2018-11-18 16:08:23.330] [exthost] [info] ExtensionService#_doActivateExtension vscode.merge-conflict {"startup":true,"activationEvent":"*"}
[2018-11-18 16:08:23.330] [exthost] [info] ExtensionService#loadCommonJSModule /usr/share/code/resources/app/extensions/merge-conflict/dist/extension
[2018-11-18 16:08:23.340] [exthost] [info] ExtensionService#_doActivateExtension vscode.search-rg {"startup":true,"activationEvent":"*"}
[2018-11-18 16:08:23.340] [exthost] [info] ExtensionService#loadCommonJSModule /usr/share/code/resources/app/extensions/search-rg/dist/extension
[2018-11-18 16:08:23.350] [exthost] [info] ExtensionService#_doActivateExtension Zignd.html-css-class-completion {"startup":true,"activationEvent":"*"}
[2018-11-18 16:08:23.350] [exthost] [info] ExtensionService#loadCommonJSModule /home/giovanny/.vscode/extensions/Zignd.html-css-class-completion-1.17.1/out/src/extension
[2018-11-18 16:08:23.870] [exthost] [info] ExtensionService#_doActivateExtension esbenp.prettier-vscode {"startup":true,"activationEvent":"*"}
[2018-11-18 16:08:23.870] [exthost] [info] ExtensionService#loadCommonJSModule /home/giovanny/.vscode/extensions/esbenp.prettier-vscode-1.7.2/out/src/extension
[2018-11-18 16:08:24.132] [exthost] [info] ExtensionService#_doActivateExtension remimarsal.prettier-now {"startup":true,"activationEvent":"*"}
[2018-11-18 16:08:24.132] [exthost] [info] ExtensionService#loadCommonJSModule /home/giovanny/.vscode/extensions/remimarsal.prettier-now-1.4.9/out/src/extension
[2018-11-18 16:08:24.221] [exthost] [info] ExtensionService#_doActivateExtension vscode.php-language-features {"startup":false,"activationEvent":"onLanguage:php"}
[2018-11-18 16:08:24.221] [exthost] [info] ExtensionService#loadCommonJSModule /usr/share/code/resources/app/extensions/php-language-features/dist/phpMain
[2018-11-18 16:08:24.248] [exthost] [info] ExtensionService#_doActivateExtension ecmel.vscode-html-css {"startup":false,"activationEvent":"onLanguage:php"}
[2018-11-18 16:08:24.248] [exthost] [info] ExtensionService#loadCommonJSModule /home/giovanny/.vscode/extensions/ecmel.vscode-html-css-0.2.0/out/src/extension
[2018-11-18 16:08:25.072] [exthost] [info] eager extensions activated
[2018-11-18 16:08:42.975] [exthost] [info] ExtensionService#_doActivateExtension vscode.css-language-features {"startup":false,"activationEvent":"onLanguage:css"}
[2018-11-18 16:08:42.975] [exthost] [info] ExtensionService#loadCommonJSModule /usr/share/code/resources/app/extensions/css-language-features/client/dist/cssMain
